# JRE version: Java(TM) SE Runtime Environment (8.0_181-b13) (build 1.8.0_181-b13)
# Java VM: Java HotSpot(TM) 64-Bit Server VM (25.181-b13 mixed mode windows-amd64 compressed oops)
Heap:
 PSYoungGen      total 31744K, used 27533K [0x00000000e0a00000, 0x00000000e3300000, 0x0000000100000000)
  eden space 23552K, 100% used [0x00000000e0a00000,0x00000000e2100000,0x00000000e2100000)
  from space 8192K, 48% used [0x00000000e2b00000,0x00000000e2ee3740,0x00000000e3300000)
  to   space 9216K, 52% used [0x00000000e2100000,0x00000000e25c0bd8,0x00000000e2a00000)
 ParOldGen       total 38400K, used 9228K [0x00000000a1e00000, 0x00000000a4380000, 0x00000000e0a00000)
  object space 38400K, 24% used [0x00000000a1e00000,0x00000000a2703378,0x00000000a4380000)
 Metaspace       used 29552K, capacity 29834K, committed 30080K, reserved 1075200K
  class space    used 3747K, capacity 3859K, committed 3968K, reserved 1048576K
GC Heap History (10 events):
Event: 65.984 GC heap after
Heap after GC invocations=3 (full 0):
 PSYoungGen      total 28672K, used 4093K [0x00000000e0a00000, 0x00000000e2a00000, 0x0000000100000000)
  eden space 24576K, 0% used [0x00000000e0a00000,0x00000000e0a00000,0x00000000e2200000)
  from space 4096K, 99% used [0x00000000e2200000,0x00000000e25ff410,0x00000000e2600000)
  to   space 4096K, 0% used [0x00000000e2600000,0x00000000e2600000,0x00000000e2a00000)
 ParOldGen       total 65536K, used 7943K [0x00000000a1e00000, 0x00000000a5e00000, 0x00000000e0a00000)
  object space 65536K, 12% used [0x00000000a1e00000,0x00000000a25c1d10,0x00000000a5e00000)
 Metaspace       used 20802K, capacity 21068K, committed 21248K, reserved 1067008K
  class space    used 2626K, capacity 2734K, committed 2816K, reserved 1048576K
}
Event: 65.984 GC heap before
{Heap before GC invocations=4 (full 1):
 PSYoungGen      total 28672K, used 4093K [0x00000000e0a00000, 0x00000000e2a00000, 0x0000000100000000)
  eden space 24576K, 0% used [0x00000000e0a00000,0x00000000e0a00000,0x00000000e2200000)
  from space 4096K, 99% used [0x00000000e2200000,0x00000000e25ff410,0x00000000e2600000)
  to   space 4096K, 0% used [0x00000000e2600000,0x00000000e2600000,0x00000000e2a00000)
 ParOldGen       total 65536K, used 7943K [0x00000000a1e00000, 0x00000000a5e00000, 0x00000000e0a00000)
  object space 65536K, 12% used [0x00000000a1e00000,0x00000000a25c1d10,0x00000000a5e00000)
 Metaspace       used 20802K, capacity 21068K, committed 21248K, reserved 1067008K
  class space    used 2626K, capacity 2734K, committed 2816K, reserved 1048576K
Event: 66.058 GC heap after
Heap after GC invocations=4 (full 1):
 PSYoungGen      total 28672K, used 0K [0x00000000e0a00000, 0x00000000e2a00000, 0x0000000100000000)
  eden space 24576K, 0% used [0x00000000e0a00000,0x00000000e0a00000,0x00000000e2200000)
  from space 4096K, 0% used [0x00000000e2200000,0x00000000e2200000,0x00000000e2600000)
  to   space 4096K, 0% used [0x00000000e2600000,0x00000000e2600000,0x00000000e2a00000)
 ParOldGen       total 38400K, used 8731K [0x00000000a1e00000, 0x00000000a4380000, 0x00000000e0a00000)
  object space 38400K, 22% used [0x00000000a1e00000,0x00000000a2686e78,0x00000000a4380000)
 Metaspace       used 20802K, capacity 21068K, committed 21248K, reserved 1067008K
  class space    used 2626K, capacity 2734K, committed 2816K, reserved 1048576K
}
Event: 66.558 GC heap before
{Heap before GC invocations=5 (full 1):
 PSYoungGen      total 28672K, used 24576K [0x00000000e0a00000, 0x00000000e2a00000, 0x0000000100000000)
  eden space 24576K, 100% used [0x00000000e0a00000,0x00000000e2200000,0x00000000e2200000)
  from space 4096K, 0% used [0x00000000e2200000,0x00000000e2200000,0x00000000e2600000)
  to   space 4096K, 0% used [0x00000000e2600000,0x00000000e2600000,0x00000000e2a00000)
 ParOldGen       total 38400K, used 8731K [0x00000000a1e00000, 0x00000000a4380000, 0x00000000e0a00000)
  object space 38400K, 22% used [0x00000000a1e00000,0x00000000a2686e78,0x00000000a4380000)
 Metaspace       used 22852K, capacity 23128K, committed 23296K, reserved 1069056K
  class space    used 2972K, capacity 3056K, committed 3072K, reserved 1048576K
Event: 66.562 GC heap after
Heap after GC invocations=5 (full 1):
 PSYoungGen      total 28672K, used 2621K [0x00000000e0a00000, 0x00000000e2a00000, 0x0000000100000000)
  eden space 24576K, 0% used [0x00000000e0a00000,0x00000000e0a00000,0x00000000e2200000)
  from space 4096K, 64% used [0x00000000e2600000,0x00000000e288f600,0x00000000e2a00000)
  to   space 4096K, 0% used [0x00000000e2200000,0x00000000e2200000,0x00000000e2600000)
 ParOldGen       total 38400K, used 8739K [0x00000000a1e00000, 0x00000000a4380000, 0x00000000e0a00000)
  object space 38400K, 22% used [0x00000000a1e00000,0x00000000a2688e78,0x00000000a4380000)
 Metaspace       used 22852K, capacity 23128K, committed 23296K, reserved 1069056K
  class space    used 2972K, capacity 3056K, committed 3072K, reserved 1048576K
}
Event: 67.221 GC heap before
{Heap before GC invocations=6 (full 1):
 PSYoungGen      total 28672K, used 27197K [0x00000000e0a00000, 0x00000000e2a00000, 0x0000000100000000)
  eden space 24576K, 100% used [0x00000000e0a00000,0x00000000e2200000,0x00000000e2200000)
  from space 4096K, 64% used [0x00000000e2600000,0x00000000e288f600,0x00000000e2a00000)
  to   space 4096K, 0% used [0x00000000e2200000,0x00000000e2200000,0x00000000e2600000)
 ParOldGen       total 38400K, used 8739K [0x00000000a1e00000, 0x00000000a4380000, 0x00000000e0a00000)
  object space 38400K, 22% used [0x00000000a1e00000,0x00000000a2688e78,0x00000000a4380000)
 Metaspace       used 25011K, capacity 25304K, committed 25472K, reserved 1071104K
  class space    used 3257K, capacity 3376K, committed 3456K, reserved 1048576K
Event: 67.231 GC heap after
Heap after GC invocations=6 (full 1):
 PSYoungGen      total 28160K, used 4075K [0x00000000e0a00000, 0x00000000e3480000, 0x0000000100000000)
  eden space 24064K, 0% used [0x00000000e0a00000,0x00000000e0a00000,0x00000000e2180000)
  from space 4096K, 99% used [0x00000000e2200000,0x00000000e25fad78,0x00000000e2600000)
  to   space 9728K, 0% used [0x00000000e2b00000,0x00000000e2b00000,0x00000000e3480000)
 ParOldGen       total 38400K, used 9212K [0x00000000a1e00000, 0x00000000a4380000, 0x00000000e0a00000)
  object space 38400K, 23% used [0x00000000a1e00000,0x00000000a26ff378,0x00000000a4380000)
 Metaspace       used 25011K, capacity 25304K, committed 25472K, reserved 1071104K
  class space    used 3257K, capacity 3376K, committed 3456K, reserved 1048576K
}
Event: 67.635 GC heap before
{Heap before GC invocations=7 (full 1):
 PSYoungGen      total 28160K, used 28139K [0x00000000e0a00000, 0x00000000e3480000, 0x0000000100000000)
  eden space 24064K, 100% used [0x00000000e0a00000,0x00000000e2180000,0x00000000e2180000)
  from space 4096K, 99% used [0x00000000e2200000,0x00000000e25fad78,0x00000000e2600000)
  to   space 9728K, 0% used [0x00000000e2b00000,0x00000000e2b00000,0x00000000e3480000)
 ParOldGen       total 38400K, used 9212K [0x00000000a1e00000, 0x00000000a4380000, 0x00000000e0a00000)
  object space 38400K, 23% used [0x00000000a1e00000,0x00000000a26ff378,0x00000000a4380000)
 Metaspace       used 26399K, capacity 26686K, committed 26880K, reserved 1073152K
  class space    used 3445K, capacity 3537K, committed 3584K, reserved 1048576K
Event: 67.643 GC heap after
Heap after GC invocations=7 (full 1):
 PSYoungGen      total 31744K, used 3981K [0x00000000e0a00000, 0x00000000e3300000, 0x0000000100000000)
  eden space 23552K, 0% used [0x00000000e0a00000,0x00000000e0a00000,0x00000000e2100000)
  from space 8192K, 48% used [0x00000000e2b00000,0x00000000e2ee3740,0x00000000e3300000)
  to   space 9216K, 0% used [0x00000000e2100000,0x00000000e2100000,0x00000000e2a00000)
 ParOldGen       total 38400K, used 9220K [0x00000000a1e00000, 0x00000000a4380000, 0x00000000e0a00000)
  object space 38400K, 24% used [0x00000000a1e00000,0x00000000a2701378,0x00000000a4380000)
 Metaspace       used 26399K, capacity 26686K, committed 26880K, reserved 1073152K
  class space    used 3445K, capacity 3537K, committed 3584K, reserved 1048576K
}
Event: 68.682 GC heap before
{Heap before GC invocations=8 (full 1):
 PSYoungGen      total 31744K, used 27533K [0x00000000e0a00000, 0x00000000e3300000, 0x0000000100000000)
  eden space 23552K, 100% used [0x00000000e0a00000,0x00000000e2100000,0x00000000e2100000)
  from space 8192K, 48% used [0x00000000e2b00000,0x00000000e2ee3740,0x00000000e3300000)
  to   space 9216K, 0% used [0x00000000e2100000,0x00000000e2100000,0x00000000e2a00000)
 ParOldGen       total 38400K, used 9220K [0x00000000a1e00000, 0x00000000a4380000, 0x00000000e0a00000)
  object space 38400K, 24% used [0x00000000a1e00000,0x00000000a2701378,0x00000000a4380000)
 Metaspace       used 29552K, capacity 29834K, committed 30080K, reserved 1075200K
  class space    used 3747K, capacity 3859K, committed 3968K, reserved 1048576K

