# JRE version: Java(TM) SE Runtime Environment (8.0_181-b13) (build 1.8.0_181-b13)
# Java VM: Java HotSpot(TM) 64-Bit Server VM (25.181-b13 mixed mode windows-amd64 compressed oops)
Heap:
 PSYoungGen      total 19456K, used 7635K [0x00000000e0a00000, 0x00000000e2900000, 0x0000000100000000)
  eden space 14848K, 30% used [0x00000000e0a00000,0x00000000e0e76e20,0x00000000e1880000)
  from space 4608K, 66% used [0x00000000e2480000,0x00000000e277e100,0x00000000e2900000)
  to   space 7680K, 0% used [0x00000000e1a00000,0x00000000e1a00000,0x00000000e2180000)
 ParOldGen       total 20480K, used 10523K [0x00000000a1e00000, 0x00000000a3200000, 0x00000000e0a00000)
  object space 20480K, 51% used [0x00000000a1e00000,0x00000000a2846c68,0x00000000a3200000)
 Metaspace       used 7650K, capacity 8372K, committed 8704K, reserved 1056768K
  class space    used 902K, capacity 944K, committed 1024K, reserved 1048576K
GC Heap History (10 events):
Event: 2.667 GC heap before
{Heap before GC invocations=6 (full 0):
 PSYoungGen      total 6656K, used 6126K [0x00000000e0a00000, 0x00000000e1a00000, 0x0000000100000000)
  eden space 6144K, 91% used [0x00000000e0a00000,0x00000000e0f80d50,0x00000000e1000000)
  from space 512K, 95% used [0x00000000e1000000,0x00000000e107ada8,0x00000000e1080000)
  to   space 2048K, 0% used [0x00000000e1800000,0x00000000e1800000,0x00000000e1a00000)
 ParOldGen       total 5632K, used 2178K [0x00000000a1e00000, 0x00000000a2380000, 0x00000000e0a00000)
  object space 5632K, 38% used [0x00000000a1e00000,0x00000000a2020bc8,0x00000000a2380000)
 Metaspace       used 7502K, capacity 8308K, committed 8448K, reserved 1056768K
  class space    used 891K, capacity 944K, committed 1024K, reserved 1048576K
Event: 2.675 GC heap after
Heap after GC invocations=6 (full 0):
 PSYoungGen      total 13312K, used 2044K [0x00000000e0a00000, 0x00000000e1c00000, 0x0000000100000000)
  eden space 11264K, 0% used [0x00000000e0a00000,0x00000000e0a00000,0x00000000e1500000)
  from space 2048K, 99% used [0x00000000e1800000,0x00000000e19ff168,0x00000000e1a00000)
  to   space 3072K, 0% used [0x00000000e1500000,0x00000000e1500000,0x00000000e1800000)
 ParOldGen       total 5632K, used 3064K [0x00000000a1e00000, 0x00000000a2380000, 0x00000000e0a00000)
  object space 5632K, 54% used [0x00000000a1e00000,0x00000000a20fe3d0,0x00000000a2380000)
 Metaspace       used 7502K, capacity 8308K, committed 8448K, reserved 1056768K
  class space    used 891K, capacity 944K, committed 1024K, reserved 1048576K
}
Event: 3.273 GC heap before
{Heap before GC invocations=7 (full 0):
 PSYoungGen      total 13312K, used 13308K [0x00000000e0a00000, 0x00000000e1c00000, 0x0000000100000000)
  eden space 11264K, 100% used [0x00000000e0a00000,0x00000000e1500000,0x00000000e1500000)
  from space 2048K, 99% used [0x00000000e1800000,0x00000000e19ff168,0x00000000e1a00000)
  to   space 3072K, 0% used [0x00000000e1500000,0x00000000e1500000,0x00000000e1800000)
 ParOldGen       total 5632K, used 3064K [0x00000000a1e00000, 0x00000000a2380000, 0x00000000e0a00000)
  object space 5632K, 54% used [0x00000000a1e00000,0x00000000a20fe3d0,0x00000000a2380000)
 Metaspace       used 7526K, capacity 8372K, committed 8704K, reserved 1056768K
  class space    used 892K, capacity 944K, committed 1024K, reserved 1048576K
Event: 3.289 GC heap after
Heap after GC invocations=7 (full 0):
 PSYoungGen      total 14336K, used 3059K [0x00000000e0a00000, 0x00000000e2900000, 0x0000000100000000)
  eden space 11264K, 0% used [0x00000000e0a00000,0x00000000e0a00000,0x00000000e1500000)
  from space 3072K, 99% used [0x00000000e1500000,0x00000000e17fcd30,0x00000000e1800000)
  to   space 4608K, 0% used [0x00000000e2480000,0x00000000e2480000,0x00000000e2900000)
 ParOldGen       total 5632K, used 5417K [0x00000000a1e00000, 0x00000000a2380000, 0x00000000e0a00000)
  object space 5632K, 96% used [0x00000000a1e00000,0x00000000a234a628,0x00000000a2380000)
 Metaspace       used 7526K, capacity 8372K, committed 8704K, reserved 1056768K
  class space    used 892K, capacity 944K, committed 1024K, reserved 1048576K
}
Event: 3.289 GC heap before
{Heap before GC invocations=8 (full 1):
 PSYoungGen      total 14336K, used 3059K [0x00000000e0a00000, 0x00000000e2900000, 0x0000000100000000)
  eden space 11264K, 0% used [0x00000000e0a00000,0x00000000e0a00000,0x00000000e1500000)
  from space 3072K, 99% used [0x00000000e1500000,0x00000000e17fcd30,0x00000000e1800000)
  to   space 4608K, 0% used [0x00000000e2480000,0x00000000e2480000,0x00000000e2900000)
 ParOldGen       total 5632K, used 5417K [0x00000000a1e00000, 0x00000000a2380000, 0x00000000e0a00000)
  object space 5632K, 96% used [0x00000000a1e00000,0x00000000a234a628,0x00000000a2380000)
 Metaspace       used 7526K, capacity 8372K, committed 8704K, reserved 1056768K
  class space    used 892K, capacity 944K, committed 1024K, reserved 1048576K
Event: 3.476 GC heap after
Heap after GC invocations=8 (full 1):
 PSYoungGen      total 14336K, used 3041K [0x00000000e0a00000, 0x00000000e2900000, 0x0000000100000000)
  eden space 11264K, 0% used [0x00000000e0a00000,0x00000000e0a00000,0x00000000e1500000)
  from space 3072K, 99% used [0x00000000e1500000,0x00000000e17f8690,0x00000000e1800000)
  to   space 4608K, 0% used [0x00000000e2480000,0x00000000e2480000,0x00000000e2900000)
 ParOldGen       total 10752K, used 5175K [0x00000000a1e00000, 0x00000000a2880000, 0x00000000e0a00000)
  object space 10752K, 48% used [0x00000000a1e00000,0x00000000a230dcc0,0x00000000a2880000)
 Metaspace       used 7526K, capacity 8372K, committed 8704K, reserved 1056768K
  class space    used 892K, capacity 944K, committed 1024K, reserved 1048576K
}
Event: 3.993 GC heap before
{Heap before GC invocations=9 (full 1):
 PSYoungGen      total 14336K, used 14305K [0x00000000e0a00000, 0x00000000e2900000, 0x0000000100000000)
  eden space 11264K, 100% used [0x00000000e0a00000,0x00000000e1500000,0x00000000e1500000)
  from space 3072K, 99% used [0x00000000e1500000,0x00000000e17f8690,0x00000000e1800000)
  to   space 4608K, 0% used [0x00000000e2480000,0x00000000e2480000,0x00000000e2900000)
 ParOldGen       total 10752K, used 5175K [0x00000000a1e00000, 0x00000000a2880000, 0x00000000e0a00000)
  object space 10752K, 48% used [0x00000000a1e00000,0x00000000a230dcc0,0x00000000a2880000)
 Metaspace       used 7648K, capacity 8372K, committed 8704K, reserved 1056768K
  class space    used 902K, capacity 944K, committed 1024K, reserved 1048576K
Event: 4.019 GC heap after
Heap after GC invocations=9 (full 1):
 PSYoungGen      total 19456K, used 4603K [0x00000000e0a00000, 0x00000000e2900000, 0x0000000100000000)
  eden space 14848K, 0% used [0x00000000e0a00000,0x00000000e0a00000,0x00000000e1880000)
  from space 4608K, 99% used [0x00000000e2480000,0x00000000e28feef0,0x00000000e2900000)
  to   space 7680K, 0% used [0x00000000e1a00000,0x00000000e1a00000,0x00000000e2180000)
 ParOldGen       total 10752K, used 9658K [0x00000000a1e00000, 0x00000000a2880000, 0x00000000e0a00000)
  object space 10752K, 89% used [0x00000000a1e00000,0x00000000a276e9f0,0x00000000a2880000)
 Metaspace       used 7648K, capacity 8372K, committed 8704K, reserved 1056768K
  class space    used 902K, capacity 944K, committed 1024K, reserved 1048576K
}
Event: 4.019 GC heap before
{Heap before GC invocations=10 (full 2):
 PSYoungGen      total 19456K, used 4603K [0x00000000e0a00000, 0x00000000e2900000, 0x0000000100000000)
  eden space 14848K, 0% used [0x00000000e0a00000,0x00000000e0a00000,0x00000000e1880000)
  from space 4608K, 99% used [0x00000000e2480000,0x00000000e28feef0,0x00000000e2900000)
  to   space 7680K, 0% used [0x00000000e1a00000,0x00000000e1a00000,0x00000000e2180000)
 ParOldGen       total 10752K, used 9658K [0x00000000a1e00000, 0x00000000a2880000, 0x00000000e0a00000)
  object space 10752K, 89% used [0x00000000a1e00000,0x00000000a276e9f0,0x00000000a2880000)
 Metaspace       used 7648K, capacity 8372K, committed 8704K, reserved 1056768K
  class space    used 902K, capacity 944K, committed 1024K, reserved 1048576K
Event: 4.196 GC heap after
Heap after GC invocations=10 (full 2):
 PSYoungGen      total 19456K, used 3064K [0x00000000e0a00000, 0x00000000e2900000, 0x0000000100000000)
  eden space 14848K, 0% used [0x00000000e0a00000,0x00000000e0a00000,0x00000000e1880000)
  from space 4608K, 66% used [0x00000000e2480000,0x00000000e277e100,0x00000000e2900000)
  to   space 7680K, 0% used [0x00000000e1a00000,0x00000000e1a00000,0x00000000e2180000)
 ParOldGen       total 20480K, used 10523K [0x00000000a1e00000, 0x00000000a3200000, 0x00000000e0a00000)
  object space 20480K, 51% used [0x00000000a1e00000,0x00000000a2846c68,0x00000000a3200000)
 Metaspace       used 7648K, capacity 8372K, committed 8704K, reserved 1056768K
  class space    used 902K, capacity 944K, committed 1024K, reserved 1048576K
}

