# JRE version: Java(TM) SE Runtime Environment (8.0_181-b13) (build 1.8.0_181-b13)
# Java VM: Java HotSpot(TM) 64-Bit Server VM (25.181-b13 mixed mode windows-amd64 compressed oops)
Heap:
 PSYoungGen      total 33280K, used 12851K [0x00000000e0a00000, 0x00000000e4980000, 0x0000000100000000)
  eden space 24576K, 25% used [0x00000000e0a00000,0x00000000e1002600,0x00000000e2200000)
  from space 8704K, 76% used [0x00000000e2200000,0x00000000e288a750,0x00000000e2a80000)
  to   space 9216K, 0% used [0x00000000e4080000,0x00000000e4080000,0x00000000e4980000)
 ParOldGen       total 38400K, used 9994K [0x00000000a1e00000, 0x00000000a4380000, 0x00000000e0a00000)
  object space 38400K, 26% used [0x00000000a1e00000,0x00000000a27c2a48,0x00000000a4380000)
 Metaspace       used 29554K, capacity 29824K, committed 30080K, reserved 1075200K
  class space    used 3752K, capacity 3856K, committed 3968K, reserved 1048576K
GC Heap History (10 events):
Event: 56.804 GC heap before
{Heap before GC invocations=4 (full 1):
 PSYoungGen      total 28672K, used 3391K [0x00000000e0a00000, 0x00000000e2a00000, 0x0000000100000000)
  eden space 24576K, 0% used [0x00000000e0a00000,0x00000000e0a00000,0x00000000e2200000)
  from space 4096K, 82% used [0x00000000e2200000,0x00000000e254ff38,0x00000000e2600000)
  to   space 4096K, 0% used [0x00000000e2600000,0x00000000e2600000,0x00000000e2a00000)
 ParOldGen       total 65536K, used 8873K [0x00000000a1e00000, 0x00000000a5e00000, 0x00000000e0a00000)
  object space 65536K, 13% used [0x00000000a1e00000,0x00000000a26aa658,0x00000000a5e00000)
 Metaspace       used 20822K, capacity 21058K, committed 21248K, reserved 1067008K
  class space    used 2643K, capacity 2731K, committed 2816K, reserved 1048576K
Event: 56.888 GC heap after
Heap after GC invocations=4 (full 1):
 PSYoungGen      total 28672K, used 0K [0x00000000e0a00000, 0x00000000e2a00000, 0x0000000100000000)
  eden space 24576K, 0% used [0x00000000e0a00000,0x00000000e0a00000,0x00000000e2200000)
  from space 4096K, 0% used [0x00000000e2200000,0x00000000e2200000,0x00000000e2600000)
  to   space 4096K, 0% used [0x00000000e2600000,0x00000000e2600000,0x00000000e2a00000)
 ParOldGen       total 38400K, used 9271K [0x00000000a1e00000, 0x00000000a4380000, 0x00000000e0a00000)
  object space 38400K, 24% used [0x00000000a1e00000,0x00000000a270dc08,0x00000000a4380000)
 Metaspace       used 20822K, capacity 21058K, committed 21248K, reserved 1067008K
  class space    used 2643K, capacity 2731K, committed 2816K, reserved 1048576K
}
Event: 57.249 GC heap before
{Heap before GC invocations=5 (full 1):
 PSYoungGen      total 28672K, used 24576K [0x00000000e0a00000, 0x00000000e2a00000, 0x0000000100000000)
  eden space 24576K, 100% used [0x00000000e0a00000,0x00000000e2200000,0x00000000e2200000)
  from space 4096K, 0% used [0x00000000e2200000,0x00000000e2200000,0x00000000e2600000)
  to   space 4096K, 0% used [0x00000000e2600000,0x00000000e2600000,0x00000000e2a00000)
 ParOldGen       total 38400K, used 9271K [0x00000000a1e00000, 0x00000000a4380000, 0x00000000e0a00000)
  object space 38400K, 24% used [0x00000000a1e00000,0x00000000a270dc08,0x00000000a4380000)
 Metaspace       used 22767K, capacity 23022K, committed 23424K, reserved 1069056K
  class space    used 2981K, capacity 3085K, committed 3200K, reserved 1048576K
Event: 57.253 GC heap after
Heap after GC invocations=5 (full 1):
 PSYoungGen      total 28672K, used 2394K [0x00000000e0a00000, 0x00000000e2a00000, 0x0000000100000000)
  eden space 24576K, 0% used [0x00000000e0a00000,0x00000000e0a00000,0x00000000e2200000)
  from space 4096K, 58% used [0x00000000e2600000,0x00000000e2856ab0,0x00000000e2a00000)
  to   space 4096K, 0% used [0x00000000e2200000,0x00000000e2200000,0x00000000e2600000)
 ParOldGen       total 38400K, used 9279K [0x00000000a1e00000, 0x00000000a4380000, 0x00000000e0a00000)
  object space 38400K, 24% used [0x00000000a1e00000,0x00000000a270fc08,0x00000000a4380000)
 Metaspace       used 22767K, capacity 23022K, committed 23424K, reserved 1069056K
  class space    used 2981K, capacity 3085K, committed 3200K, reserved 1048576K
}
Event: 57.918 GC heap before
{Heap before GC invocations=6 (full 1):
 PSYoungGen      total 28672K, used 26970K [0x00000000e0a00000, 0x00000000e2a00000, 0x0000000100000000)
  eden space 24576K, 100% used [0x00000000e0a00000,0x00000000e2200000,0x00000000e2200000)
  from space 4096K, 58% used [0x00000000e2600000,0x00000000e2856ab0,0x00000000e2a00000)
  to   space 4096K, 0% used [0x00000000e2200000,0x00000000e2200000,0x00000000e2600000)
 ParOldGen       total 38400K, used 9279K [0x00000000a1e00000, 0x00000000a4380000, 0x00000000e0a00000)
  object space 38400K, 24% used [0x00000000a1e00000,0x00000000a270fc08,0x00000000a4380000)
 Metaspace       used 24845K, capacity 25134K, committed 25472K, reserved 1071104K
  class space    used 3244K, capacity 3341K, committed 3456K, reserved 1048576K
Event: 57.929 GC heap after
Heap after GC invocations=6 (full 1):
 PSYoungGen      total 28160K, used 4068K [0x00000000e0a00000, 0x00000000e3380000, 0x0000000100000000)
  eden space 24064K, 0% used [0x00000000e0a00000,0x00000000e0a00000,0x00000000e2180000)
  from space 4096K, 99% used [0x00000000e2200000,0x00000000e25f9320,0x00000000e2600000)
  to   space 9216K, 0% used [0x00000000e2a80000,0x00000000e2a80000,0x00000000e3380000)
 ParOldGen       total 38400K, used 9978K [0x00000000a1e00000, 0x00000000a4380000, 0x00000000e0a00000)
  object space 38400K, 25% used [0x00000000a1e00000,0x00000000a27bea48,0x00000000a4380000)
 Metaspace       used 24845K, capacity 25134K, committed 25472K, reserved 1071104K
  class space    used 3244K, capacity 3341K, committed 3456K, reserved 1048576K
}
Event: 58.350 GC heap before
{Heap before GC invocations=7 (full 1):
 PSYoungGen      total 28160K, used 28132K [0x00000000e0a00000, 0x00000000e3380000, 0x0000000100000000)
  eden space 24064K, 100% used [0x00000000e0a00000,0x00000000e2180000,0x00000000e2180000)
  from space 4096K, 99% used [0x00000000e2200000,0x00000000e25f9320,0x00000000e2600000)
  to   space 9216K, 0% used [0x00000000e2a80000,0x00000000e2a80000,0x00000000e3380000)
 ParOldGen       total 38400K, used 9978K [0x00000000a1e00000, 0x00000000a4380000, 0x00000000e0a00000)
  object space 38400K, 25% used [0x00000000a1e00000,0x00000000a27bea48,0x00000000a4380000)
 Metaspace       used 26225K, capacity 26458K, committed 26880K, reserved 1073152K
  class space    used 3439K, capacity 3503K, committed 3584K, reserved 1048576K
Event: 58.359 GC heap after
Heap after GC invocations=7 (full 1):
 PSYoungGen      total 33792K, used 3918K [0x00000000e0a00000, 0x00000000e4700000, 0x0000000100000000)
  eden space 24576K, 0% used [0x00000000e0a00000,0x00000000e0a00000,0x00000000e2200000)
  from space 9216K, 42% used [0x00000000e2a80000,0x00000000e2e53a70,0x00000000e3380000)
  to   space 8704K, 0% used [0x00000000e2200000,0x00000000e2200000,0x00000000e2a80000)
 ParOldGen       total 38400K, used 9986K [0x00000000a1e00000, 0x00000000a4380000, 0x00000000e0a00000)
  object space 38400K, 26% used [0x00000000a1e00000,0x00000000a27c0a48,0x00000000a4380000)
 Metaspace       used 26225K, capacity 26458K, committed 26880K, reserved 1073152K
  class space    used 3439K, capacity 3503K, committed 3584K, reserved 1048576K
}
Event: 59.260 GC heap before
{Heap before GC invocations=8 (full 1):
 PSYoungGen      total 33792K, used 28494K [0x00000000e0a00000, 0x00000000e4700000, 0x0000000100000000)
  eden space 24576K, 100% used [0x00000000e0a00000,0x00000000e2200000,0x00000000e2200000)
  from space 9216K, 42% used [0x00000000e2a80000,0x00000000e2e53a70,0x00000000e3380000)
  to   space 8704K, 0% used [0x00000000e2200000,0x00000000e2200000,0x00000000e2a80000)
 ParOldGen       total 38400K, used 9986K [0x00000000a1e00000, 0x00000000a4380000, 0x00000000e0a00000)
  object space 38400K, 26% used [0x00000000a1e00000,0x00000000a27c0a48,0x00000000a4380000)
 Metaspace       used 29381K, capacity 29696K, committed 30080K, reserved 1075200K
  class space    used 3742K, capacity 3856K, committed 3968K, reserved 1048576K
Event: 59.273 GC heap after
Heap after GC invocations=8 (full 1):
 PSYoungGen      total 33280K, used 6697K [0x00000000e0a00000, 0x00000000e4980000, 0x0000000100000000)
  eden space 24576K, 0% used [0x00000000e0a00000,0x00000000e0a00000,0x00000000e2200000)
  from space 8704K, 76% used [0x00000000e2200000,0x00000000e288a750,0x00000000e2a80000)
  to   space 9216K, 0% used [0x00000000e4080000,0x00000000e4080000,0x00000000e4980000)
 ParOldGen       total 38400K, used 9994K [0x00000000a1e00000, 0x00000000a4380000, 0x00000000e0a00000)
  object space 38400K, 26% used [0x00000000a1e00000,0x00000000a27c2a48,0x00000000a4380000)
 Metaspace       used 29381K, capacity 29696K, committed 30080K, reserved 1075200K
  class space    used 3742K, capacity 3856K, committed 3968K, reserved 1048576K
}

